<?xml version="1.0" encoding="UTF-8"?>
<!-- Generated by org.testng.reporters.JUnitReportReporter -->
<testsuite hostname="DESKTOP-QEBQ8BA" failures="0" tests="1" name="com.qa.appium.com.qa.appium.AppiumTest" time="17.729" errors="0" timestamp="2023-02-15T15:49:40 IST" skipped="0">
  <testcase classname="com.qa.appium.com.qa.appium.AppiumTest" name="test" time="17.729"/>
  <system-out/>
</testsuite> <!-- com.qa.appium.com.qa.appium.AppiumTest -->
