<?xml version="1.0" encoding="UTF-8"?>
<!-- Generated by org.testng.reporters.JUnitReportReporter -->
<testsuite hostname="DESKTOP-QEBQ8BA" failures="0" tests="1" name="com.qa.appium.com.qa.appium.Swipe" time="49.525" errors="0" timestamp="2023-02-25T11:44:03 IST" skipped="0">
  <testcase classname="com.qa.appium.com.qa.appium.Swipe" name="swipeDemo" time="49.525"/>
  <system-out/>
</testsuite> <!-- com.qa.appium.com.qa.appium.Swipe -->
