<?xml version="1.0" encoding="UTF-8"?>
<!-- Generated by org.testng.reporters.JUnitReportReporter -->
<testsuite hostname="DESKTOP-QEBQ8BA" failures="0" tests="1" name="com.qa.appium.com.qa.appium.SetOS" time="28.382" errors="0" timestamp="2023-02-23T15:56:37 IST" skipped="0">
  <testcase classname="com.qa.appium.com.qa.appium.SetOS" name="TestOs" time="28.382"/>
  <system-out/>
</testsuite> <!-- com.qa.appium.com.qa.appium.SetOS -->
