<?xml version="1.0" encoding="UTF-8"?>
<!-- Generated by org.testng.reporters.JUnitReportReporter -->
<testsuite hostname="DESKTOP-QEBQ8BA" failures="0" tests="1" name="com.qa.appium.com.qa.appium.LongPress" time="31.861" errors="0" timestamp="2023-02-23T17:51:21 IST" skipped="0">
  <testcase classname="com.qa.appium.com.qa.appium.LongPress" name="longPressButton" time="31.861"/>
  <system-out/>
</testsuite> <!-- com.qa.appium.com.qa.appium.LongPress -->
