<?xml version="1.0" encoding="UTF-8"?>
<!-- Generated by org.testng.reporters.JUnitReportReporter -->
<testsuite hostname="DESKTOP-QEBQ8BA" failures="0" tests="1" name="com.qa.appium.com.qa.appium.DropDown" time="18.593" errors="0" timestamp="2023-02-27T14:10:25 IST" skipped="0">
  <testcase classname="com.qa.appium.com.qa.appium.DropDown" name="dropDownTest" time="18.593"/>
  <system-out/>
</testsuite> <!-- com.qa.appium.com.qa.appium.DropDown -->
